C:\Users\JinKIM\Desktop\Template_eng_version\cximage\x86\xbuild\Unicode Debug\cximagemfcdll\cximagemfcdll.obj
C:\Users\JinKIM\Desktop\Template_eng_version\cximage\x86\xbuild\Unicode Debug\cximagemfcdll\cximagemfcdll.res
C:\Users\JinKIM\Desktop\Template_eng_version\cximage\x86\xbuild\Unicode Debug\cximagemfcdll\CxImageMfcDll_wd.dll.embed.manifest
C:\Users\JinKIM\Desktop\Template_eng_version\cximage\x86\xbuild\Unicode Debug\cximagemfcdll\CxImageMfcDll_wd.dll.embed.manifest.res
C:\Users\JinKIM\Desktop\Template_eng_version\cximage\x86\xbuild\Unicode Debug\cximagemfcdll\CxImageMfcDll_wd.dll.intermediate.manifest
C:\Users\JinKIM\Desktop\Template_eng_version\cximage\x86\xbuild\Unicode Debug\cximagemfcdll\CxImageMfcDll_wd.pch
C:\Users\JinKIM\Desktop\Template_eng_version\cximage\x86\xbuild\Unicode Debug\cximagemfcdll\StdAfx.obj
C:\Users\JinKIM\Desktop\Template_eng_version\cximage\x86\xbuild\Unicode Debug\cximagemfcdll\tif_xfile.obj
C:\Users\JinKIM\Desktop\Template_eng_version\cximage\x86\xbuild\Unicode Debug\cximagemfcdll\vc90.idb
C:\Users\JinKIM\Desktop\Template_eng_version\cximage\x86\xbuild\Unicode Debug\cximagemfcdll\vc90.pdb
C:\Users\JinKIM\Desktop\Template_eng_version\cximage\x86\xbuild\Unicode Debug\cximagemfcdll\ximabmp.obj
C:\Users\JinKIM\Desktop\Template_eng_version\cximage\x86\xbuild\Unicode Debug\cximagemfcdll\ximadsp.obj
C:\Users\JinKIM\Desktop\Template_eng_version\cximage\x86\xbuild\Unicode Debug\cximagemfcdll\ximaenc.obj
C:\Users\JinKIM\Desktop\Template_eng_version\cximage\x86\xbuild\Unicode Debug\cximagemfcdll\ximaexif.obj
C:\Users\JinKIM\Desktop\Template_eng_version\cximage\x86\xbuild\Unicode Debug\cximagemfcdll\xImage.obj
C:\Users\JinKIM\Desktop\Template_eng_version\cximage\x86\xbuild\Unicode Debug\cximagemfcdll\ximagif.obj
C:\Users\JinKIM\Desktop\Template_eng_version\cximage\x86\xbuild\Unicode Debug\cximagemfcdll\ximahist.obj
C:\Users\JinKIM\Desktop\Template_eng_version\cximage\x86\xbuild\Unicode Debug\cximagemfcdll\ximaico.obj
C:\Users\JinKIM\Desktop\Template_eng_version\cximage\x86\xbuild\Unicode Debug\cximagemfcdll\ximainfo.obj
C:\Users\JinKIM\Desktop\Template_eng_version\cximage\x86\xbuild\Unicode Debug\cximagemfcdll\ximaint.obj
C:\Users\JinKIM\Desktop\Template_eng_version\cximage\x86\xbuild\Unicode Debug\cximagemfcdll\ximajas.obj
C:\Users\JinKIM\Desktop\Template_eng_version\cximage\x86\xbuild\Unicode Debug\cximagemfcdll\ximajbg.obj
C:\Users\JinKIM\Desktop\Template_eng_version\cximage\x86\xbuild\Unicode Debug\cximagemfcdll\ximajpg.obj
C:\Users\JinKIM\Desktop\Template_eng_version\cximage\x86\xbuild\Unicode Debug\cximagemfcdll\ximalpha.obj
C:\Users\JinKIM\Desktop\Template_eng_version\cximage\x86\xbuild\Unicode Debug\cximagemfcdll\ximalyr.obj
C:\Users\JinKIM\Desktop\Template_eng_version\cximage\x86\xbuild\Unicode Debug\cximagemfcdll\ximamng.obj
C:\Users\JinKIM\Desktop\Template_eng_version\cximage\x86\xbuild\Unicode Debug\cximagemfcdll\ximapal.obj
C:\Users\JinKIM\Desktop\Template_eng_version\cximage\x86\xbuild\Unicode Debug\cximagemfcdll\ximapcx.obj
C:\Users\JinKIM\Desktop\Template_eng_version\cximage\x86\xbuild\Unicode Debug\cximagemfcdll\ximapng.obj
C:\Users\JinKIM\Desktop\Template_eng_version\cximage\x86\xbuild\Unicode Debug\cximagemfcdll\ximaraw.obj
C:\Users\JinKIM\Desktop\Template_eng_version\cximage\x86\xbuild\Unicode Debug\cximagemfcdll\ximasel.obj
C:\Users\JinKIM\Desktop\Template_eng_version\cximage\x86\xbuild\Unicode Debug\cximagemfcdll\ximaska.obj
C:\Users\JinKIM\Desktop\Template_eng_version\cximage\x86\xbuild\Unicode Debug\cximagemfcdll\ximatga.obj
C:\Users\JinKIM\Desktop\Template_eng_version\cximage\x86\xbuild\Unicode Debug\cximagemfcdll\ximath.obj
C:\Users\JinKIM\Desktop\Template_eng_version\cximage\x86\xbuild\Unicode Debug\cximagemfcdll\ximatif.obj
C:\Users\JinKIM\Desktop\Template_eng_version\cximage\x86\xbuild\Unicode Debug\cximagemfcdll\ximatran.obj
C:\Users\JinKIM\Desktop\Template_eng_version\cximage\x86\xbuild\Unicode Debug\cximagemfcdll\ximawbmp.obj
C:\Users\JinKIM\Desktop\Template_eng_version\cximage\x86\xbuild\Unicode Debug\cximagemfcdll\ximawmf.obj
C:\Users\JinKIM\Desktop\Template_eng_version\cximage\x86\xbuild\Unicode Debug\cximagemfcdll\ximawnd.obj
C:\Users\JinKIM\Desktop\Template_eng_version\cximage\x86\xbuild\Unicode Debug\cximagemfcdll\xmemfile.obj
