C:\Users\JinKIM\Desktop\Template_eng_version\cximage\x86\xbuild\Unicode Debug\demoDLL\BCMenu.obj
C:\Users\JinKIM\Desktop\Template_eng_version\cximage\x86\xbuild\Unicode Debug\demoDLL\ChildFrm.obj
C:\Users\JinKIM\Desktop\Template_eng_version\cximage\x86\xbuild\Unicode Debug\demoDLL\demo.obj
C:\Users\JinKIM\Desktop\Template_eng_version\cximage\x86\xbuild\Unicode Debug\demoDLL\demo.res
C:\Users\JinKIM\Desktop\Template_eng_version\cximage\x86\xbuild\Unicode Debug\demoDLL\demoDll_wd.exe.embed.manifest
C:\Users\JinKIM\Desktop\Template_eng_version\cximage\x86\xbuild\Unicode Debug\demoDLL\demoDll_wd.exe.embed.manifest.res
C:\Users\JinKIM\Desktop\Template_eng_version\cximage\x86\xbuild\Unicode Debug\demoDLL\demoDll_wd.exe.intermediate.manifest
C:\Users\JinKIM\Desktop\Template_eng_version\cximage\x86\xbuild\Unicode Debug\demoDLL\demoDll_wd.pch
C:\Users\JinKIM\Desktop\Template_eng_version\cximage\x86\xbuild\Unicode Debug\demoDLL\demoDoc.obj
C:\Users\JinKIM\Desktop\Template_eng_version\cximage\x86\xbuild\Unicode Debug\demoDLL\demoView.obj
C:\Users\JinKIM\Desktop\Template_eng_version\cximage\x86\xbuild\Unicode Debug\demoDLL\DlgCapture.obj
C:\Users\JinKIM\Desktop\Template_eng_version\cximage\x86\xbuild\Unicode Debug\demoDLL\DlgColorize.obj
C:\Users\JinKIM\Desktop\Template_eng_version\cximage\x86\xbuild\Unicode Debug\demoDLL\DlgCombine.obj
C:\Users\JinKIM\Desktop\Template_eng_version\cximage\x86\xbuild\Unicode Debug\demoDLL\DlgCustomFilter.obj
C:\Users\JinKIM\Desktop\Template_eng_version\cximage\x86\xbuild\Unicode Debug\demoDLL\DlgDataExt.obj
C:\Users\JinKIM\Desktop\Template_eng_version\cximage\x86\xbuild\Unicode Debug\demoDLL\DlgDecBpp.obj
C:\Users\JinKIM\Desktop\Template_eng_version\cximage\x86\xbuild\Unicode Debug\demoDLL\DlgDither.obj
C:\Users\JinKIM\Desktop\Template_eng_version\cximage\x86\xbuild\Unicode Debug\demoDLL\DlgExpand.obj
C:\Users\JinKIM\Desktop\Template_eng_version\cximage\x86\xbuild\Unicode Debug\demoDLL\DlgFFT.obj
C:\Users\JinKIM\Desktop\Template_eng_version\cximage\x86\xbuild\Unicode Debug\demoDLL\DlgFloodFill.obj
C:\Users\JinKIM\Desktop\Template_eng_version\cximage\x86\xbuild\Unicode Debug\demoDLL\DlgGamma.obj
C:\Users\JinKIM\Desktop\Template_eng_version\cximage\x86\xbuild\Unicode Debug\demoDLL\DlgHisto.obj
C:\Users\JinKIM\Desktop\Template_eng_version\cximage\x86\xbuild\Unicode Debug\demoDLL\DlgIncBpp.obj
C:\Users\JinKIM\Desktop\Template_eng_version\cximage\x86\xbuild\Unicode Debug\demoDLL\DlgJpeg.obj
C:\Users\JinKIM\Desktop\Template_eng_version\cximage\x86\xbuild\Unicode Debug\demoDLL\DlgMix.obj
C:\Users\JinKIM\Desktop\Template_eng_version\cximage\x86\xbuild\Unicode Debug\demoDLL\DlgOpacity.obj
C:\Users\JinKIM\Desktop\Template_eng_version\cximage\x86\xbuild\Unicode Debug\demoDLL\DlgOptions.obj
C:\Users\JinKIM\Desktop\Template_eng_version\cximage\x86\xbuild\Unicode Debug\demoDLL\DlgPalette.obj
C:\Users\JinKIM\Desktop\Template_eng_version\cximage\x86\xbuild\Unicode Debug\demoDLL\DlgRepair.obj
C:\Users\JinKIM\Desktop\Template_eng_version\cximage\x86\xbuild\Unicode Debug\demoDLL\DlgResample.obj
C:\Users\JinKIM\Desktop\Template_eng_version\cximage\x86\xbuild\Unicode Debug\demoDLL\DlgRotate.obj
C:\Users\JinKIM\Desktop\Template_eng_version\cximage\x86\xbuild\Unicode Debug\demoDLL\DlgShadow.obj
C:\Users\JinKIM\Desktop\Template_eng_version\cximage\x86\xbuild\Unicode Debug\demoDLL\DlgSkew.obj
C:\Users\JinKIM\Desktop\Template_eng_version\cximage\x86\xbuild\Unicode Debug\demoDLL\DlgText.obj
C:\Users\JinKIM\Desktop\Template_eng_version\cximage\x86\xbuild\Unicode Debug\demoDLL\DlgThreshold.obj
C:\Users\JinKIM\Desktop\Template_eng_version\cximage\x86\xbuild\Unicode Debug\demoDLL\DlgURL.obj
C:\Users\JinKIM\Desktop\Template_eng_version\cximage\x86\xbuild\Unicode Debug\demoDLL\logomdi.obj
C:\Users\JinKIM\Desktop\Template_eng_version\cximage\x86\xbuild\Unicode Debug\demoDLL\MainFrm.obj
C:\Users\JinKIM\Desktop\Template_eng_version\cximage\x86\xbuild\Unicode Debug\demoDLL\Quantize.obj
C:\Users\JinKIM\Desktop\Template_eng_version\cximage\x86\xbuild\Unicode Debug\demoDLL\StdAfx.obj
C:\Users\JinKIM\Desktop\Template_eng_version\cximage\x86\xbuild\Unicode Debug\demoDLL\TwainCpp.obj
C:\Users\JinKIM\Desktop\Template_eng_version\cximage\x86\xbuild\Unicode Debug\demoDLL\vc90.idb
C:\Users\JinKIM\Desktop\Template_eng_version\cximage\x86\xbuild\Unicode Debug\demoDLL\vc90.pdb
C:\Users\JinKIM\Desktop\Template_eng_version\cximage\x86\xbuild\Unicode Debug\demoDLL\xTargetButton.obj
