cl : 명령줄  warning D9035: 'Gm' 옵션은 더 이상 사용되지 않으므로 이후 릴리스에서 제거될 예정입니다.
  libmng_zlib.c
  libmng_write.c
  libmng_trace.c
  libmng_read.c
  libmng_prop_xs.c
  libmng_pixels.c
  libmng_object_prc.c
  libmng_jpeg.c
  libmng_hlapi.c
  libmng_filter.c
  libmng_error.c
  libmng_dither.c
  libmng_display.c
  libmng_cms.c
  libmng_chunk_xs.c
  libmng_chunk_prc.c
  libmng_chunk_io.c
  libmng_chunk_descr.c
  libmng_callback_xs.c
  코드를 생성하고 있습니다...
C:\Program Files\Microsoft Visual Studio\2022\Community\MSBuild\Microsoft\VC\v170\Microsoft.CppBuild.targets(1573,5): warning MSB8012: TargetPath(C:\Users\pc03\Desktop\Template\cximage\x86\lib\mng.lib)이(가) Library의 OutputFile 속성 값(C:\Users\pc03\Desktop\Template\cximage\x86\lib\mng_wd.lib)과 일치하지 않습니다. 이로 인해 프로젝트가 잘못 빌드될 수 있습니다. 이를 수정하려면 $(OutDir), $(TargetName) 및 $(TargetExt) 속성 값이 %(Lib.OutputFile)에 지정된 값과 일치해야 합니다.
C:\Program Files\Microsoft Visual Studio\2022\Community\MSBuild\Microsoft\VC\v170\Microsoft.CppBuild.targets(1575,5): warning MSB8012: TargetName(mng)이(가) Library의 OutputFile 속성 값(mng_wd)과 일치하지 않습니다. 이로 인해 프로젝트가 잘못 빌드될 수 있습니다. 이를 수정하려면 $(OutDir), $(TargetName) 및 $(TargetExt) 속성 값이 %(Lib.OutputFile)에 지정된 값과 일치해야 합니다.
  mng.vcxproj -> C:\Users\pc03\Desktop\Template\cximage\x86\lib\mng.lib
