cl : 명령줄  warning D9035: 'Gm' 옵션은 더 이상 사용되지 않으므로 이후 릴리스에서 제거될 예정입니다.
  StdAfx.cpp
cl : 명령줄  warning D9035: 'Gm' 옵션은 더 이상 사용되지 않으므로 이후 릴리스에서 제거될 예정입니다.
  xmemfile.cpp
  ximawnd.cpp
C:\Users\pc03\Desktop\Template\cximage\CxImage\ximawnd.cpp(1,1): warning C4819: 현재 코드 페이지(949)에서 표시할 수 없는 문자가 파일에 들어 있습니다. 데이터가 손실되지 않게 하려면 해당 파일을 유니코드 형식으로 저장하십시오.
  ximawmf.cpp
  ximawbmp.cpp
  ximatran.cpp
  ximatif.cpp
  ximath.cpp
  ximatga.cpp
  ximaska.cpp
  ximasel.cpp
  ximaraw.cpp
  ximapng.cpp
  ximapcx.cpp
  ximapal.cpp
  ximamng.cpp
  ximalyr.cpp
  ximalpha.cpp
  ximajpg.cpp
  ximajbg.cpp
  ximajas.cpp
  코드를 생성하고 있습니다...
  컴파일하고 있습니다...
  ximaint.cpp
C:\Users\pc03\Desktop\Template\cximage\CxImage\ximaint.cpp(659,1): warning C4819: 현재 코드 페이지(949)에서 표시할 수 없는 문자가 파일에 들어 있습니다. 데이터가 손실되지 않게 하려면 해당 파일을 유니코드 형식으로 저장하십시오.
  ximainfo.cpp
C:\Users\pc03\Desktop\Template\cximage\CxImage\ximainfo.cpp(1,1): warning C4819: 현재 코드 페이지(949)에서 표시할 수 없는 문자가 파일에 들어 있습니다. 데이터가 손실되지 않게 하려면 해당 파일을 유니코드 형식으로 저장하십시오.
  ximaico.cpp
C:\Users\pc03\Desktop\Template\cximage\CxImage\ximaico.cpp(327,30): warning C4838: 'int'에서 'WORD'(으)로의 변환에는 축소 변환이 필요합니다.
C:\Users\pc03\Desktop\Template\cximage\CxImage\ximaico.cpp(350,6): warning C4838: 'int'에서 'DWORD'(으)로의 변환에는 축소 변환이 필요합니다.
  ximahist.cpp
  ximagif.cpp
  ximage.cpp
  ximaexif.cpp
  ximaenc.cpp
  ximadsp.cpp
C:\Users\pc03\Desktop\Template\cximage\CxImage\ximadsp.cpp(2976,1): warning C4819: 현재 코드 페이지(949)에서 표시할 수 없는 문자가 파일에 들어 있습니다. 데이터가 손실되지 않게 하려면 해당 파일을 유니코드 형식으로 저장하십시오.
  ximabmp.cpp
  tif_xfile.cpp
  cximagemfcdll.cpp
  코드를 생성하고 있습니다...
C:\Program Files\Microsoft Visual Studio\2022\Community\MSBuild\Microsoft\VC\v170\Microsoft.CppBuild.targets(1391,5): warning MSB8012: TargetPath(C:\Users\pc03\Desktop\Template\cximage\x86\bin\cximagemfcdll.dll)이(가) Linker의 OutputFile 속성 값(C:\Users\pc03\Desktop\Template\cximage\x86\bin\cximagemfcdll_wd.dll)과 일치하지 않습니다. 이로 인해 프로젝트가 잘못 빌드될 수 있습니다. 이를 수정하려면 $(OutDir), $(TargetName) 및 $(TargetExt) 속성 값이 %(Link.OutputFile)에 지정된 값과 일치해야 합니다.
C:\Program Files\Microsoft Visual Studio\2022\Community\MSBuild\Microsoft\VC\v170\Microsoft.CppBuild.targets(1393,5): warning MSB8012: TargetName(cximagemfcdll)이(가) Linker의 OutputFile 속성 값(cximagemfcdll_wd)과 일치하지 않습니다. 이로 인해 프로젝트가 잘못 빌드될 수 있습니다. 이를 수정하려면 $(OutDir), $(TargetName) 및 $(TargetExt) 속성 값이 %(Link.OutputFile)에 지정된 값과 일치해야 합니다.
cximagemfcdll.obj : warning LNK4075: '/EDITANDCONTINUE'이(가) '/SAFESEH' 사양으로 인해 무시됩니다.
     C:\Users\pc03\Desktop\Template\cximage\x86\lib\cximagemfcdll.lib 라이브러리 및 C:\Users\pc03\Desktop\Template\cximage\x86\lib\cximagemfcdll.exp 개체를 생성하고 있습니다.
  cximagemfcdll.vcxproj -> C:\Users\pc03\Desktop\Template\cximage\x86\bin\cximagemfcdll.dll
