C:\Users\JinKIM\Desktop\Template_eng_version\cximage\x86\lib\jasper.pdb
C:\Users\JinKIM\Desktop\Template_eng_version\cximage\x86\xbuild\Unicode Debug\jasper\bmp_cod.obj
C:\Users\JinKIM\Desktop\Template_eng_version\cximage\x86\xbuild\Unicode Debug\jasper\bmp_dec.obj
C:\Users\JinKIM\Desktop\Template_eng_version\cximage\x86\xbuild\Unicode Debug\jasper\bmp_enc.obj
C:\Users\JinKIM\Desktop\Template_eng_version\cximage\x86\xbuild\Unicode Debug\jasper\cl.command.1.tlog
C:\Users\JinKIM\Desktop\Template_eng_version\cximage\x86\xbuild\Unicode Debug\jasper\CL.read.1.tlog
C:\Users\JinKIM\Desktop\Template_eng_version\cximage\x86\xbuild\Unicode Debug\jasper\CL.write.1.tlog
C:\Users\JinKIM\Desktop\Template_eng_version\cximage\x86\xbuild\Unicode Debug\jasper\jas_cm.obj
C:\Users\JinKIM\Desktop\Template_eng_version\cximage\x86\xbuild\Unicode Debug\jasper\jas_debug.obj
C:\Users\JinKIM\Desktop\Template_eng_version\cximage\x86\xbuild\Unicode Debug\jasper\jas_getopt.obj
C:\Users\JinKIM\Desktop\Template_eng_version\cximage\x86\xbuild\Unicode Debug\jasper\jas_icc.obj
C:\Users\JinKIM\Desktop\Template_eng_version\cximage\x86\xbuild\Unicode Debug\jasper\jas_iccdata.obj
C:\Users\JinKIM\Desktop\Template_eng_version\cximage\x86\xbuild\Unicode Debug\jasper\jas_image.obj
C:\Users\JinKIM\Desktop\Template_eng_version\cximage\x86\xbuild\Unicode Debug\jasper\jas_init.obj
C:\Users\JinKIM\Desktop\Template_eng_version\cximage\x86\xbuild\Unicode Debug\jasper\jas_malloc.obj
C:\Users\JinKIM\Desktop\Template_eng_version\cximage\x86\xbuild\Unicode Debug\jasper\jas_seq.obj
C:\Users\JinKIM\Desktop\Template_eng_version\cximage\x86\xbuild\Unicode Debug\jasper\jas_stream.obj
C:\Users\JinKIM\Desktop\Template_eng_version\cximage\x86\xbuild\Unicode Debug\jasper\jas_string.obj
C:\Users\JinKIM\Desktop\Template_eng_version\cximage\x86\xbuild\Unicode Debug\jasper\jas_tvp.obj
C:\Users\JinKIM\Desktop\Template_eng_version\cximage\x86\xbuild\Unicode Debug\jasper\jas_version.obj
C:\Users\JinKIM\Desktop\Template_eng_version\cximage\x86\xbuild\Unicode Debug\jasper\jp2_cod.obj
C:\Users\JinKIM\Desktop\Template_eng_version\cximage\x86\xbuild\Unicode Debug\jasper\jp2_dec.obj
C:\Users\JinKIM\Desktop\Template_eng_version\cximage\x86\xbuild\Unicode Debug\jasper\jp2_enc.obj
C:\Users\JinKIM\Desktop\Template_eng_version\cximage\x86\xbuild\Unicode Debug\jasper\jpc_bs.obj
C:\Users\JinKIM\Desktop\Template_eng_version\cximage\x86\xbuild\Unicode Debug\jasper\jpc_cs.obj
C:\Users\JinKIM\Desktop\Template_eng_version\cximage\x86\xbuild\Unicode Debug\jasper\jpc_dec.obj
C:\Users\JinKIM\Desktop\Template_eng_version\cximage\x86\xbuild\Unicode Debug\jasper\jpc_enc.obj
C:\Users\JinKIM\Desktop\Template_eng_version\cximage\x86\xbuild\Unicode Debug\jasper\jpc_math.obj
C:\Users\JinKIM\Desktop\Template_eng_version\cximage\x86\xbuild\Unicode Debug\jasper\jpc_mct.obj
C:\Users\JinKIM\Desktop\Template_eng_version\cximage\x86\xbuild\Unicode Debug\jasper\jpc_mqcod.obj
C:\Users\JinKIM\Desktop\Template_eng_version\cximage\x86\xbuild\Unicode Debug\jasper\jpc_mqdec.obj
C:\Users\JinKIM\Desktop\Template_eng_version\cximage\x86\xbuild\Unicode Debug\jasper\jpc_mqenc.obj
C:\Users\JinKIM\Desktop\Template_eng_version\cximage\x86\xbuild\Unicode Debug\jasper\jpc_qmfb.obj
C:\Users\JinKIM\Desktop\Template_eng_version\cximage\x86\xbuild\Unicode Debug\jasper\jpc_t1cod.obj
C:\Users\JinKIM\Desktop\Template_eng_version\cximage\x86\xbuild\Unicode Debug\jasper\jpc_t1dec.obj
C:\Users\JinKIM\Desktop\Template_eng_version\cximage\x86\xbuild\Unicode Debug\jasper\jpc_t1enc.obj
C:\Users\JinKIM\Desktop\Template_eng_version\cximage\x86\xbuild\Unicode Debug\jasper\jpc_t2cod.obj
C:\Users\JinKIM\Desktop\Template_eng_version\cximage\x86\xbuild\Unicode Debug\jasper\jpc_t2dec.obj
C:\Users\JinKIM\Desktop\Template_eng_version\cximage\x86\xbuild\Unicode Debug\jasper\jpc_t2enc.obj
C:\Users\JinKIM\Desktop\Template_eng_version\cximage\x86\xbuild\Unicode Debug\jasper\jpc_tagtree.obj
C:\Users\JinKIM\Desktop\Template_eng_version\cximage\x86\xbuild\Unicode Debug\jasper\jpc_tsfb.obj
C:\Users\JinKIM\Desktop\Template_eng_version\cximage\x86\xbuild\Unicode Debug\jasper\jpc_util.obj
C:\Users\JinKIM\Desktop\Template_eng_version\cximage\x86\xbuild\Unicode Debug\jasper\jpg_dummy.obj
C:\Users\JinKIM\Desktop\Template_eng_version\cximage\x86\xbuild\Unicode Debug\jasper\jpg_val.obj
C:\Users\JinKIM\Desktop\Template_eng_version\cximage\x86\xbuild\Unicode Debug\jasper\lib.command.1.tlog
C:\Users\JinKIM\Desktop\Template_eng_version\cximage\x86\xbuild\Unicode Debug\jasper\Lib-link.read.1.tlog
C:\Users\JinKIM\Desktop\Template_eng_version\cximage\x86\xbuild\Unicode Debug\jasper\Lib-link.write.1.tlog
C:\Users\JinKIM\Desktop\Template_eng_version\cximage\x86\xbuild\Unicode Debug\jasper\mif_cod.obj
C:\Users\JinKIM\Desktop\Template_eng_version\cximage\x86\xbuild\Unicode Debug\jasper\pgx_cod.obj
C:\Users\JinKIM\Desktop\Template_eng_version\cximage\x86\xbuild\Unicode Debug\jasper\pgx_dec.obj
C:\Users\JinKIM\Desktop\Template_eng_version\cximage\x86\xbuild\Unicode Debug\jasper\pgx_enc.obj
C:\Users\JinKIM\Desktop\Template_eng_version\cximage\x86\xbuild\Unicode Debug\jasper\pnm_cod.obj
C:\Users\JinKIM\Desktop\Template_eng_version\cximage\x86\xbuild\Unicode Debug\jasper\pnm_dec.obj
C:\Users\JinKIM\Desktop\Template_eng_version\cximage\x86\xbuild\Unicode Debug\jasper\pnm_enc.obj
C:\Users\JinKIM\Desktop\Template_eng_version\cximage\x86\xbuild\Unicode Debug\jasper\ras_cod.obj
C:\Users\JinKIM\Desktop\Template_eng_version\cximage\x86\xbuild\Unicode Debug\jasper\ras_dec.obj
C:\Users\JinKIM\Desktop\Template_eng_version\cximage\x86\xbuild\Unicode Debug\jasper\ras_enc.obj
C:\USERS\SORATO\DESKTOP\13년도 1학기\영상처리 실습\TEMPLATE\CXIMAGE\X86\LIB\JASPER.PDB
C:\USERS\SORATO\DESKTOP\13년도 1학기\영상처리 실습\TEMPLATE\CXIMAGE\X86\LIB\JASPER_WD.LIB
C:\USERS\SORATO\DESKTOP\13년도 1학기\영상처리 실습\TEMPLATE\CXIMAGE\X86\XBUILD\UNICODE DEBUG\JASPER\BMP_COD.OBJ
C:\USERS\SORATO\DESKTOP\13년도 1학기\영상처리 실습\TEMPLATE\CXIMAGE\X86\XBUILD\UNICODE DEBUG\JASPER\BMP_DEC.OBJ
C:\USERS\SORATO\DESKTOP\13년도 1학기\영상처리 실습\TEMPLATE\CXIMAGE\X86\XBUILD\UNICODE DEBUG\JASPER\BMP_ENC.OBJ
C:\USERS\SORATO\DESKTOP\13년도 1학기\영상처리 실습\TEMPLATE\CXIMAGE\X86\XBUILD\UNICODE DEBUG\JASPER\JAS_CM.OBJ
C:\USERS\SORATO\DESKTOP\13년도 1학기\영상처리 실습\TEMPLATE\CXIMAGE\X86\XBUILD\UNICODE DEBUG\JASPER\JAS_DEBUG.OBJ
C:\USERS\SORATO\DESKTOP\13년도 1학기\영상처리 실습\TEMPLATE\CXIMAGE\X86\XBUILD\UNICODE DEBUG\JASPER\JAS_GETOPT.OBJ
C:\USERS\SORATO\DESKTOP\13년도 1학기\영상처리 실습\TEMPLATE\CXIMAGE\X86\XBUILD\UNICODE DEBUG\JASPER\JAS_ICC.OBJ
C:\USERS\SORATO\DESKTOP\13년도 1학기\영상처리 실습\TEMPLATE\CXIMAGE\X86\XBUILD\UNICODE DEBUG\JASPER\JAS_ICCDATA.OBJ
C:\USERS\SORATO\DESKTOP\13년도 1학기\영상처리 실습\TEMPLATE\CXIMAGE\X86\XBUILD\UNICODE DEBUG\JASPER\JAS_IMAGE.OBJ
C:\USERS\SORATO\DESKTOP\13년도 1학기\영상처리 실습\TEMPLATE\CXIMAGE\X86\XBUILD\UNICODE DEBUG\JASPER\JAS_INIT.OBJ
C:\USERS\SORATO\DESKTOP\13년도 1학기\영상처리 실습\TEMPLATE\CXIMAGE\X86\XBUILD\UNICODE DEBUG\JASPER\JAS_MALLOC.OBJ
C:\USERS\SORATO\DESKTOP\13년도 1학기\영상처리 실습\TEMPLATE\CXIMAGE\X86\XBUILD\UNICODE DEBUG\JASPER\JAS_SEQ.OBJ
C:\USERS\SORATO\DESKTOP\13년도 1학기\영상처리 실습\TEMPLATE\CXIMAGE\X86\XBUILD\UNICODE DEBUG\JASPER\JAS_STREAM.OBJ
C:\USERS\SORATO\DESKTOP\13년도 1학기\영상처리 실습\TEMPLATE\CXIMAGE\X86\XBUILD\UNICODE DEBUG\JASPER\JAS_STRING.OBJ
C:\USERS\SORATO\DESKTOP\13년도 1학기\영상처리 실습\TEMPLATE\CXIMAGE\X86\XBUILD\UNICODE DEBUG\JASPER\JAS_TVP.OBJ
C:\USERS\SORATO\DESKTOP\13년도 1학기\영상처리 실습\TEMPLATE\CXIMAGE\X86\XBUILD\UNICODE DEBUG\JASPER\JAS_VERSION.OBJ
C:\USERS\SORATO\DESKTOP\13년도 1학기\영상처리 실습\TEMPLATE\CXIMAGE\X86\XBUILD\UNICODE DEBUG\JASPER\JP2_COD.OBJ
C:\USERS\SORATO\DESKTOP\13년도 1학기\영상처리 실습\TEMPLATE\CXIMAGE\X86\XBUILD\UNICODE DEBUG\JASPER\JP2_DEC.OBJ
C:\USERS\SORATO\DESKTOP\13년도 1학기\영상처리 실습\TEMPLATE\CXIMAGE\X86\XBUILD\UNICODE DEBUG\JASPER\JP2_ENC.OBJ
C:\USERS\SORATO\DESKTOP\13년도 1학기\영상처리 실습\TEMPLATE\CXIMAGE\X86\XBUILD\UNICODE DEBUG\JASPER\JPC_BS.OBJ
C:\USERS\SORATO\DESKTOP\13년도 1학기\영상처리 실습\TEMPLATE\CXIMAGE\X86\XBUILD\UNICODE DEBUG\JASPER\JPC_CS.OBJ
C:\USERS\SORATO\DESKTOP\13년도 1학기\영상처리 실습\TEMPLATE\CXIMAGE\X86\XBUILD\UNICODE DEBUG\JASPER\JPC_DEC.OBJ
C:\USERS\SORATO\DESKTOP\13년도 1학기\영상처리 실습\TEMPLATE\CXIMAGE\X86\XBUILD\UNICODE DEBUG\JASPER\JPC_ENC.OBJ
C:\USERS\SORATO\DESKTOP\13년도 1학기\영상처리 실습\TEMPLATE\CXIMAGE\X86\XBUILD\UNICODE DEBUG\JASPER\JPC_MATH.OBJ
C:\USERS\SORATO\DESKTOP\13년도 1학기\영상처리 실습\TEMPLATE\CXIMAGE\X86\XBUILD\UNICODE DEBUG\JASPER\JPC_MCT.OBJ
C:\USERS\SORATO\DESKTOP\13년도 1학기\영상처리 실습\TEMPLATE\CXIMAGE\X86\XBUILD\UNICODE DEBUG\JASPER\JPC_MQCOD.OBJ
C:\USERS\SORATO\DESKTOP\13년도 1학기\영상처리 실습\TEMPLATE\CXIMAGE\X86\XBUILD\UNICODE DEBUG\JASPER\JPC_MQDEC.OBJ
C:\USERS\SORATO\DESKTOP\13년도 1학기\영상처리 실습\TEMPLATE\CXIMAGE\X86\XBUILD\UNICODE DEBUG\JASPER\JPC_MQENC.OBJ
C:\USERS\SORATO\DESKTOP\13년도 1학기\영상처리 실습\TEMPLATE\CXIMAGE\X86\XBUILD\UNICODE DEBUG\JASPER\JPC_QMFB.OBJ
C:\USERS\SORATO\DESKTOP\13년도 1학기\영상처리 실습\TEMPLATE\CXIMAGE\X86\XBUILD\UNICODE DEBUG\JASPER\JPC_T1COD.OBJ
C:\USERS\SORATO\DESKTOP\13년도 1학기\영상처리 실습\TEMPLATE\CXIMAGE\X86\XBUILD\UNICODE DEBUG\JASPER\JPC_T1DEC.OBJ
C:\USERS\SORATO\DESKTOP\13년도 1학기\영상처리 실습\TEMPLATE\CXIMAGE\X86\XBUILD\UNICODE DEBUG\JASPER\JPC_T1ENC.OBJ
C:\USERS\SORATO\DESKTOP\13년도 1학기\영상처리 실습\TEMPLATE\CXIMAGE\X86\XBUILD\UNICODE DEBUG\JASPER\JPC_T2COD.OBJ
C:\USERS\SORATO\DESKTOP\13년도 1학기\영상처리 실습\TEMPLATE\CXIMAGE\X86\XBUILD\UNICODE DEBUG\JASPER\JPC_T2DEC.OBJ
C:\USERS\SORATO\DESKTOP\13년도 1학기\영상처리 실습\TEMPLATE\CXIMAGE\X86\XBUILD\UNICODE DEBUG\JASPER\JPC_T2ENC.OBJ
C:\USERS\SORATO\DESKTOP\13년도 1학기\영상처리 실습\TEMPLATE\CXIMAGE\X86\XBUILD\UNICODE DEBUG\JASPER\JPC_TAGTREE.OBJ
C:\USERS\SORATO\DESKTOP\13년도 1학기\영상처리 실습\TEMPLATE\CXIMAGE\X86\XBUILD\UNICODE DEBUG\JASPER\JPC_TSFB.OBJ
C:\USERS\SORATO\DESKTOP\13년도 1학기\영상처리 실습\TEMPLATE\CXIMAGE\X86\XBUILD\UNICODE DEBUG\JASPER\JPC_UTIL.OBJ
C:\USERS\SORATO\DESKTOP\13년도 1학기\영상처리 실습\TEMPLATE\CXIMAGE\X86\XBUILD\UNICODE DEBUG\JASPER\JPG_DUMMY.OBJ
C:\USERS\SORATO\DESKTOP\13년도 1학기\영상처리 실습\TEMPLATE\CXIMAGE\X86\XBUILD\UNICODE DEBUG\JASPER\JPG_VAL.OBJ
C:\USERS\SORATO\DESKTOP\13년도 1학기\영상처리 실습\TEMPLATE\CXIMAGE\X86\XBUILD\UNICODE DEBUG\JASPER\MIF_COD.OBJ
C:\USERS\SORATO\DESKTOP\13년도 1학기\영상처리 실습\TEMPLATE\CXIMAGE\X86\XBUILD\UNICODE DEBUG\JASPER\PGX_COD.OBJ
C:\USERS\SORATO\DESKTOP\13년도 1학기\영상처리 실습\TEMPLATE\CXIMAGE\X86\XBUILD\UNICODE DEBUG\JASPER\PGX_DEC.OBJ
C:\USERS\SORATO\DESKTOP\13년도 1학기\영상처리 실습\TEMPLATE\CXIMAGE\X86\XBUILD\UNICODE DEBUG\JASPER\PGX_ENC.OBJ
C:\USERS\SORATO\DESKTOP\13년도 1학기\영상처리 실습\TEMPLATE\CXIMAGE\X86\XBUILD\UNICODE DEBUG\JASPER\PNM_COD.OBJ
C:\USERS\SORATO\DESKTOP\13년도 1학기\영상처리 실습\TEMPLATE\CXIMAGE\X86\XBUILD\UNICODE DEBUG\JASPER\PNM_DEC.OBJ
C:\USERS\SORATO\DESKTOP\13년도 1학기\영상처리 실습\TEMPLATE\CXIMAGE\X86\XBUILD\UNICODE DEBUG\JASPER\PNM_ENC.OBJ
C:\USERS\SORATO\DESKTOP\13년도 1학기\영상처리 실습\TEMPLATE\CXIMAGE\X86\XBUILD\UNICODE DEBUG\JASPER\RAS_COD.OBJ
C:\USERS\SORATO\DESKTOP\13년도 1학기\영상처리 실습\TEMPLATE\CXIMAGE\X86\XBUILD\UNICODE DEBUG\JASPER\RAS_DEC.OBJ
C:\USERS\SORATO\DESKTOP\13년도 1학기\영상처리 실습\TEMPLATE\CXIMAGE\X86\XBUILD\UNICODE DEBUG\JASPER\RAS_ENC.OBJ
