C:\Users\JinKIM\Desktop\Template_eng_version\cximage\x86\lib\zlib.pdb
C:\Users\JinKIM\Desktop\Template_eng_version\cximage\x86\xbuild\Unicode Debug\zlib\adler32.obj
C:\Users\JinKIM\Desktop\Template_eng_version\cximage\x86\xbuild\Unicode Debug\zlib\cl.command.1.tlog
C:\Users\JinKIM\Desktop\Template_eng_version\cximage\x86\xbuild\Unicode Debug\zlib\CL.read.1.tlog
C:\Users\JinKIM\Desktop\Template_eng_version\cximage\x86\xbuild\Unicode Debug\zlib\CL.write.1.tlog
C:\Users\JinKIM\Desktop\Template_eng_version\cximage\x86\xbuild\Unicode Debug\zlib\compress.obj
C:\Users\JinKIM\Desktop\Template_eng_version\cximage\x86\xbuild\Unicode Debug\zlib\crc32.obj
C:\Users\JinKIM\Desktop\Template_eng_version\cximage\x86\xbuild\Unicode Debug\zlib\deflate.obj
C:\Users\JinKIM\Desktop\Template_eng_version\cximage\x86\xbuild\Unicode Debug\zlib\gzio.obj
C:\Users\JinKIM\Desktop\Template_eng_version\cximage\x86\xbuild\Unicode Debug\zlib\infback.obj
C:\Users\JinKIM\Desktop\Template_eng_version\cximage\x86\xbuild\Unicode Debug\zlib\inffast.obj
C:\Users\JinKIM\Desktop\Template_eng_version\cximage\x86\xbuild\Unicode Debug\zlib\inflate.obj
C:\Users\JinKIM\Desktop\Template_eng_version\cximage\x86\xbuild\Unicode Debug\zlib\inftrees.obj
C:\Users\JinKIM\Desktop\Template_eng_version\cximage\x86\xbuild\Unicode Debug\zlib\lib.command.1.tlog
C:\Users\JinKIM\Desktop\Template_eng_version\cximage\x86\xbuild\Unicode Debug\zlib\Lib-link.read.1.tlog
C:\Users\JinKIM\Desktop\Template_eng_version\cximage\x86\xbuild\Unicode Debug\zlib\Lib-link.write.1.tlog
C:\Users\JinKIM\Desktop\Template_eng_version\cximage\x86\xbuild\Unicode Debug\zlib\trees.obj
C:\Users\JinKIM\Desktop\Template_eng_version\cximage\x86\xbuild\Unicode Debug\zlib\uncompr.obj
C:\Users\JinKIM\Desktop\Template_eng_version\cximage\x86\xbuild\Unicode Debug\zlib\zutil.obj
C:\USERS\SORATO\DESKTOP\13년도 1학기\영상처리 실습\TEMPLATE\CXIMAGE\X86\LIB\ZLIB.PDB
C:\USERS\SORATO\DESKTOP\13년도 1학기\영상처리 실습\TEMPLATE\CXIMAGE\X86\LIB\ZLIB_WD.LIB
C:\USERS\SORATO\DESKTOP\13년도 1학기\영상처리 실습\TEMPLATE\CXIMAGE\X86\XBUILD\UNICODE DEBUG\ZLIB\ADLER32.OBJ
C:\USERS\SORATO\DESKTOP\13년도 1학기\영상처리 실습\TEMPLATE\CXIMAGE\X86\XBUILD\UNICODE DEBUG\ZLIB\COMPRESS.OBJ
C:\USERS\SORATO\DESKTOP\13년도 1학기\영상처리 실습\TEMPLATE\CXIMAGE\X86\XBUILD\UNICODE DEBUG\ZLIB\CRC32.OBJ
C:\USERS\SORATO\DESKTOP\13년도 1학기\영상처리 실습\TEMPLATE\CXIMAGE\X86\XBUILD\UNICODE DEBUG\ZLIB\DEFLATE.OBJ
C:\USERS\SORATO\DESKTOP\13년도 1학기\영상처리 실습\TEMPLATE\CXIMAGE\X86\XBUILD\UNICODE DEBUG\ZLIB\GZIO.OBJ
C:\USERS\SORATO\DESKTOP\13년도 1학기\영상처리 실습\TEMPLATE\CXIMAGE\X86\XBUILD\UNICODE DEBUG\ZLIB\INFBACK.OBJ
C:\USERS\SORATO\DESKTOP\13년도 1학기\영상처리 실습\TEMPLATE\CXIMAGE\X86\XBUILD\UNICODE DEBUG\ZLIB\INFFAST.OBJ
C:\USERS\SORATO\DESKTOP\13년도 1학기\영상처리 실습\TEMPLATE\CXIMAGE\X86\XBUILD\UNICODE DEBUG\ZLIB\INFLATE.OBJ
C:\USERS\SORATO\DESKTOP\13년도 1학기\영상처리 실습\TEMPLATE\CXIMAGE\X86\XBUILD\UNICODE DEBUG\ZLIB\INFTREES.OBJ
C:\USERS\SORATO\DESKTOP\13년도 1학기\영상처리 실습\TEMPLATE\CXIMAGE\X86\XBUILD\UNICODE DEBUG\ZLIB\TREES.OBJ
C:\USERS\SORATO\DESKTOP\13년도 1학기\영상처리 실습\TEMPLATE\CXIMAGE\X86\XBUILD\UNICODE DEBUG\ZLIB\UNCOMPR.OBJ
C:\USERS\SORATO\DESKTOP\13년도 1학기\영상처리 실습\TEMPLATE\CXIMAGE\X86\XBUILD\UNICODE DEBUG\ZLIB\ZUTIL.OBJ
