C:\Users\JinKIM\Desktop\Template_eng_version\cximage\x86\lib\png.pdb
C:\Users\JinKIM\Desktop\Template_eng_version\cximage\x86\xbuild\Unicode Debug\png\cl.command.1.tlog
C:\Users\JinKIM\Desktop\Template_eng_version\cximage\x86\xbuild\Unicode Debug\png\CL.read.1.tlog
C:\Users\JinKIM\Desktop\Template_eng_version\cximage\x86\xbuild\Unicode Debug\png\CL.write.1.tlog
C:\Users\JinKIM\Desktop\Template_eng_version\cximage\x86\xbuild\Unicode Debug\png\lib.command.1.tlog
C:\Users\JinKIM\Desktop\Template_eng_version\cximage\x86\xbuild\Unicode Debug\png\Lib-link.read.1.tlog
C:\Users\JinKIM\Desktop\Template_eng_version\cximage\x86\xbuild\Unicode Debug\png\Lib-link.write.1.tlog
C:\Users\JinKIM\Desktop\Template_eng_version\cximage\x86\xbuild\Unicode Debug\png\png.obj
C:\Users\JinKIM\Desktop\Template_eng_version\cximage\x86\xbuild\Unicode Debug\png\pngerror.obj
C:\Users\JinKIM\Desktop\Template_eng_version\cximage\x86\xbuild\Unicode Debug\png\pngget.obj
C:\Users\JinKIM\Desktop\Template_eng_version\cximage\x86\xbuild\Unicode Debug\png\pngmem.obj
C:\Users\JinKIM\Desktop\Template_eng_version\cximage\x86\xbuild\Unicode Debug\png\pngpread.obj
C:\Users\JinKIM\Desktop\Template_eng_version\cximage\x86\xbuild\Unicode Debug\png\pngread.obj
C:\Users\JinKIM\Desktop\Template_eng_version\cximage\x86\xbuild\Unicode Debug\png\pngrio.obj
C:\Users\JinKIM\Desktop\Template_eng_version\cximage\x86\xbuild\Unicode Debug\png\pngrtran.obj
C:\Users\JinKIM\Desktop\Template_eng_version\cximage\x86\xbuild\Unicode Debug\png\pngrutil.obj
C:\Users\JinKIM\Desktop\Template_eng_version\cximage\x86\xbuild\Unicode Debug\png\pngset.obj
C:\Users\JinKIM\Desktop\Template_eng_version\cximage\x86\xbuild\Unicode Debug\png\pngtrans.obj
C:\Users\JinKIM\Desktop\Template_eng_version\cximage\x86\xbuild\Unicode Debug\png\pngvcrd.obj
C:\Users\JinKIM\Desktop\Template_eng_version\cximage\x86\xbuild\Unicode Debug\png\pngwio.obj
C:\Users\JinKIM\Desktop\Template_eng_version\cximage\x86\xbuild\Unicode Debug\png\pngwrite.obj
C:\Users\JinKIM\Desktop\Template_eng_version\cximage\x86\xbuild\Unicode Debug\png\pngwtran.obj
C:\Users\JinKIM\Desktop\Template_eng_version\cximage\x86\xbuild\Unicode Debug\png\pngwutil.obj
C:\USERS\SORATO\DESKTOP\13년도 1학기\영상처리 실습\TEMPLATE\CXIMAGE\X86\LIB\PNG.PDB
C:\USERS\SORATO\DESKTOP\13년도 1학기\영상처리 실습\TEMPLATE\CXIMAGE\X86\LIB\PNG_WD.LIB
C:\USERS\SORATO\DESKTOP\13년도 1학기\영상처리 실습\TEMPLATE\CXIMAGE\X86\XBUILD\UNICODE DEBUG\PNG\PNG.OBJ
C:\USERS\SORATO\DESKTOP\13년도 1학기\영상처리 실습\TEMPLATE\CXIMAGE\X86\XBUILD\UNICODE DEBUG\PNG\PNGERROR.OBJ
C:\USERS\SORATO\DESKTOP\13년도 1학기\영상처리 실습\TEMPLATE\CXIMAGE\X86\XBUILD\UNICODE DEBUG\PNG\PNGGET.OBJ
C:\USERS\SORATO\DESKTOP\13년도 1학기\영상처리 실습\TEMPLATE\CXIMAGE\X86\XBUILD\UNICODE DEBUG\PNG\PNGMEM.OBJ
C:\USERS\SORATO\DESKTOP\13년도 1학기\영상처리 실습\TEMPLATE\CXIMAGE\X86\XBUILD\UNICODE DEBUG\PNG\PNGPREAD.OBJ
C:\USERS\SORATO\DESKTOP\13년도 1학기\영상처리 실습\TEMPLATE\CXIMAGE\X86\XBUILD\UNICODE DEBUG\PNG\PNGREAD.OBJ
C:\USERS\SORATO\DESKTOP\13년도 1학기\영상처리 실습\TEMPLATE\CXIMAGE\X86\XBUILD\UNICODE DEBUG\PNG\PNGRIO.OBJ
C:\USERS\SORATO\DESKTOP\13년도 1학기\영상처리 실습\TEMPLATE\CXIMAGE\X86\XBUILD\UNICODE DEBUG\PNG\PNGRTRAN.OBJ
C:\USERS\SORATO\DESKTOP\13년도 1학기\영상처리 실습\TEMPLATE\CXIMAGE\X86\XBUILD\UNICODE DEBUG\PNG\PNGRUTIL.OBJ
C:\USERS\SORATO\DESKTOP\13년도 1학기\영상처리 실습\TEMPLATE\CXIMAGE\X86\XBUILD\UNICODE DEBUG\PNG\PNGSET.OBJ
C:\USERS\SORATO\DESKTOP\13년도 1학기\영상처리 실습\TEMPLATE\CXIMAGE\X86\XBUILD\UNICODE DEBUG\PNG\PNGTRANS.OBJ
C:\USERS\SORATO\DESKTOP\13년도 1학기\영상처리 실습\TEMPLATE\CXIMAGE\X86\XBUILD\UNICODE DEBUG\PNG\PNGVCRD.OBJ
C:\USERS\SORATO\DESKTOP\13년도 1학기\영상처리 실습\TEMPLATE\CXIMAGE\X86\XBUILD\UNICODE DEBUG\PNG\PNGWIO.OBJ
C:\USERS\SORATO\DESKTOP\13년도 1학기\영상처리 실습\TEMPLATE\CXIMAGE\X86\XBUILD\UNICODE DEBUG\PNG\PNGWRITE.OBJ
C:\USERS\SORATO\DESKTOP\13년도 1학기\영상처리 실습\TEMPLATE\CXIMAGE\X86\XBUILD\UNICODE DEBUG\PNG\PNGWTRAN.OBJ
C:\USERS\SORATO\DESKTOP\13년도 1학기\영상처리 실습\TEMPLATE\CXIMAGE\X86\XBUILD\UNICODE DEBUG\PNG\PNGWUTIL.OBJ
