  png.c
  pngerror.c
  pngget.c
  pngmem.c
  pngpread.c
  pngread.c
  pngrio.c
  pngrtran.c
  pngrutil.c
  pngset.c
  pngtrans.c
  pngvcrd.c
  pngwio.c
  pngwrite.c
  pngwtran.c
  pngwutil.c
  코드를 생성하고 있습니다...
C:\Program Files\Microsoft Visual Studio\2022\Community\MSBuild\Microsoft\VC\v170\Microsoft.CppBuild.targets(1573,5): warning MSB8012: TargetPath(C:\Users\pc03\Desktop\Template\cximage\x86\lib\png.lib)이(가) Library의 OutputFile 속성 값(C:\Users\pc03\Desktop\Template\cximage\x86\lib\png_wd.lib)과 일치하지 않습니다. 이로 인해 프로젝트가 잘못 빌드될 수 있습니다. 이를 수정하려면 $(OutDir), $(TargetName) 및 $(TargetExt) 속성 값이 %(Lib.OutputFile)에 지정된 값과 일치해야 합니다.
C:\Program Files\Microsoft Visual Studio\2022\Community\MSBuild\Microsoft\VC\v170\Microsoft.CppBuild.targets(1575,5): warning MSB8012: TargetName(png)이(가) Library의 OutputFile 속성 값(png_wd)과 일치하지 않습니다. 이로 인해 프로젝트가 잘못 빌드될 수 있습니다. 이를 수정하려면 $(OutDir), $(TargetName) 및 $(TargetExt) 속성 값이 %(Lib.OutputFile)에 지정된 값과 일치해야 합니다.
  png.vcxproj -> C:\Users\pc03\Desktop\Template\cximage\x86\lib\png.lib
