C:\Users\JinKIM\Desktop\Template_eng_version\cximage\x86\lib\Tiff.pdb
C:\Users\JinKIM\Desktop\Template_eng_version\cximage\x86\xbuild\Unicode Debug\Tiff\cl.command.1.tlog
C:\Users\JinKIM\Desktop\Template_eng_version\cximage\x86\xbuild\Unicode Debug\Tiff\CL.read.1.tlog
C:\Users\JinKIM\Desktop\Template_eng_version\cximage\x86\xbuild\Unicode Debug\Tiff\CL.write.1.tlog
C:\Users\JinKIM\Desktop\Template_eng_version\cximage\x86\xbuild\Unicode Debug\Tiff\fax3sm_winnt.obj
C:\Users\JinKIM\Desktop\Template_eng_version\cximage\x86\xbuild\Unicode Debug\Tiff\lib.command.1.tlog
C:\Users\JinKIM\Desktop\Template_eng_version\cximage\x86\xbuild\Unicode Debug\Tiff\Lib-link.read.1.tlog
C:\Users\JinKIM\Desktop\Template_eng_version\cximage\x86\xbuild\Unicode Debug\Tiff\Lib-link.write.1.tlog
C:\Users\JinKIM\Desktop\Template_eng_version\cximage\x86\xbuild\Unicode Debug\Tiff\tif_aux.obj
C:\Users\JinKIM\Desktop\Template_eng_version\cximage\x86\xbuild\Unicode Debug\Tiff\tif_close.obj
C:\Users\JinKIM\Desktop\Template_eng_version\cximage\x86\xbuild\Unicode Debug\Tiff\tif_codec.obj
C:\Users\JinKIM\Desktop\Template_eng_version\cximage\x86\xbuild\Unicode Debug\Tiff\tif_compress.obj
C:\Users\JinKIM\Desktop\Template_eng_version\cximage\x86\xbuild\Unicode Debug\Tiff\tif_dir.obj
C:\Users\JinKIM\Desktop\Template_eng_version\cximage\x86\xbuild\Unicode Debug\Tiff\tif_dirinfo.obj
C:\Users\JinKIM\Desktop\Template_eng_version\cximage\x86\xbuild\Unicode Debug\Tiff\tif_dirread.obj
C:\Users\JinKIM\Desktop\Template_eng_version\cximage\x86\xbuild\Unicode Debug\Tiff\tif_dirwrite.obj
C:\Users\JinKIM\Desktop\Template_eng_version\cximage\x86\xbuild\Unicode Debug\Tiff\tif_dumpmode.obj
C:\Users\JinKIM\Desktop\Template_eng_version\cximage\x86\xbuild\Unicode Debug\Tiff\tif_error.obj
C:\Users\JinKIM\Desktop\Template_eng_version\cximage\x86\xbuild\Unicode Debug\Tiff\tif_fax3.obj
C:\Users\JinKIM\Desktop\Template_eng_version\cximage\x86\xbuild\Unicode Debug\Tiff\tif_flush.obj
C:\Users\JinKIM\Desktop\Template_eng_version\cximage\x86\xbuild\Unicode Debug\Tiff\tif_getimage.obj
C:\Users\JinKIM\Desktop\Template_eng_version\cximage\x86\xbuild\Unicode Debug\Tiff\tif_jpeg.obj
C:\Users\JinKIM\Desktop\Template_eng_version\cximage\x86\xbuild\Unicode Debug\Tiff\tif_luv.obj
C:\Users\JinKIM\Desktop\Template_eng_version\cximage\x86\xbuild\Unicode Debug\Tiff\tif_lzw.obj
C:\Users\JinKIM\Desktop\Template_eng_version\cximage\x86\xbuild\Unicode Debug\Tiff\tif_next.obj
C:\Users\JinKIM\Desktop\Template_eng_version\cximage\x86\xbuild\Unicode Debug\Tiff\tif_ojpeg.obj
C:\Users\JinKIM\Desktop\Template_eng_version\cximage\x86\xbuild\Unicode Debug\Tiff\tif_open.obj
C:\Users\JinKIM\Desktop\Template_eng_version\cximage\x86\xbuild\Unicode Debug\Tiff\tif_packbits.obj
C:\Users\JinKIM\Desktop\Template_eng_version\cximage\x86\xbuild\Unicode Debug\Tiff\tif_pixarlog.obj
C:\Users\JinKIM\Desktop\Template_eng_version\cximage\x86\xbuild\Unicode Debug\Tiff\tif_predict.obj
C:\Users\JinKIM\Desktop\Template_eng_version\cximage\x86\xbuild\Unicode Debug\Tiff\tif_print.obj
C:\Users\JinKIM\Desktop\Template_eng_version\cximage\x86\xbuild\Unicode Debug\Tiff\tif_read.obj
C:\Users\JinKIM\Desktop\Template_eng_version\cximage\x86\xbuild\Unicode Debug\Tiff\tif_strip.obj
C:\Users\JinKIM\Desktop\Template_eng_version\cximage\x86\xbuild\Unicode Debug\Tiff\tif_swab.obj
C:\Users\JinKIM\Desktop\Template_eng_version\cximage\x86\xbuild\Unicode Debug\Tiff\tif_thunder.obj
C:\Users\JinKIM\Desktop\Template_eng_version\cximage\x86\xbuild\Unicode Debug\Tiff\tif_tile.obj
C:\Users\JinKIM\Desktop\Template_eng_version\cximage\x86\xbuild\Unicode Debug\Tiff\tif_version.obj
C:\Users\JinKIM\Desktop\Template_eng_version\cximage\x86\xbuild\Unicode Debug\Tiff\tif_warning.obj
C:\Users\JinKIM\Desktop\Template_eng_version\cximage\x86\xbuild\Unicode Debug\Tiff\tif_write.obj
C:\Users\JinKIM\Desktop\Template_eng_version\cximage\x86\xbuild\Unicode Debug\Tiff\tif_zip.obj
C:\USERS\SORATO\DESKTOP\13년도 1학기\영상처리 실습\TEMPLATE\CXIMAGE\X86\LIB\TIFF.PDB
C:\USERS\SORATO\DESKTOP\13년도 1학기\영상처리 실습\TEMPLATE\CXIMAGE\X86\LIB\TIFF_WD.LIB
C:\USERS\SORATO\DESKTOP\13년도 1학기\영상처리 실습\TEMPLATE\CXIMAGE\X86\XBUILD\UNICODE DEBUG\TIFF\FAX3SM_WINNT.OBJ
C:\USERS\SORATO\DESKTOP\13년도 1학기\영상처리 실습\TEMPLATE\CXIMAGE\X86\XBUILD\UNICODE DEBUG\TIFF\TIF_AUX.OBJ
C:\USERS\SORATO\DESKTOP\13년도 1학기\영상처리 실습\TEMPLATE\CXIMAGE\X86\XBUILD\UNICODE DEBUG\TIFF\TIF_CLOSE.OBJ
C:\USERS\SORATO\DESKTOP\13년도 1학기\영상처리 실습\TEMPLATE\CXIMAGE\X86\XBUILD\UNICODE DEBUG\TIFF\TIF_CODEC.OBJ
C:\USERS\SORATO\DESKTOP\13년도 1학기\영상처리 실습\TEMPLATE\CXIMAGE\X86\XBUILD\UNICODE DEBUG\TIFF\TIF_COMPRESS.OBJ
C:\USERS\SORATO\DESKTOP\13년도 1학기\영상처리 실습\TEMPLATE\CXIMAGE\X86\XBUILD\UNICODE DEBUG\TIFF\TIF_DIR.OBJ
C:\USERS\SORATO\DESKTOP\13년도 1학기\영상처리 실습\TEMPLATE\CXIMAGE\X86\XBUILD\UNICODE DEBUG\TIFF\TIF_DIRINFO.OBJ
C:\USERS\SORATO\DESKTOP\13년도 1학기\영상처리 실습\TEMPLATE\CXIMAGE\X86\XBUILD\UNICODE DEBUG\TIFF\TIF_DIRREAD.OBJ
C:\USERS\SORATO\DESKTOP\13년도 1학기\영상처리 실습\TEMPLATE\CXIMAGE\X86\XBUILD\UNICODE DEBUG\TIFF\TIF_DIRWRITE.OBJ
C:\USERS\SORATO\DESKTOP\13년도 1학기\영상처리 실습\TEMPLATE\CXIMAGE\X86\XBUILD\UNICODE DEBUG\TIFF\TIF_DUMPMODE.OBJ
C:\USERS\SORATO\DESKTOP\13년도 1학기\영상처리 실습\TEMPLATE\CXIMAGE\X86\XBUILD\UNICODE DEBUG\TIFF\TIF_ERROR.OBJ
C:\USERS\SORATO\DESKTOP\13년도 1학기\영상처리 실습\TEMPLATE\CXIMAGE\X86\XBUILD\UNICODE DEBUG\TIFF\TIF_FAX3.OBJ
C:\USERS\SORATO\DESKTOP\13년도 1학기\영상처리 실습\TEMPLATE\CXIMAGE\X86\XBUILD\UNICODE DEBUG\TIFF\TIF_FLUSH.OBJ
C:\USERS\SORATO\DESKTOP\13년도 1학기\영상처리 실습\TEMPLATE\CXIMAGE\X86\XBUILD\UNICODE DEBUG\TIFF\TIF_GETIMAGE.OBJ
C:\USERS\SORATO\DESKTOP\13년도 1학기\영상처리 실습\TEMPLATE\CXIMAGE\X86\XBUILD\UNICODE DEBUG\TIFF\TIF_JPEG.OBJ
C:\USERS\SORATO\DESKTOP\13년도 1학기\영상처리 실습\TEMPLATE\CXIMAGE\X86\XBUILD\UNICODE DEBUG\TIFF\TIF_LUV.OBJ
C:\USERS\SORATO\DESKTOP\13년도 1학기\영상처리 실습\TEMPLATE\CXIMAGE\X86\XBUILD\UNICODE DEBUG\TIFF\TIF_LZW.OBJ
C:\USERS\SORATO\DESKTOP\13년도 1학기\영상처리 실습\TEMPLATE\CXIMAGE\X86\XBUILD\UNICODE DEBUG\TIFF\TIF_NEXT.OBJ
C:\USERS\SORATO\DESKTOP\13년도 1학기\영상처리 실습\TEMPLATE\CXIMAGE\X86\XBUILD\UNICODE DEBUG\TIFF\TIF_OJPEG.OBJ
C:\USERS\SORATO\DESKTOP\13년도 1학기\영상처리 실습\TEMPLATE\CXIMAGE\X86\XBUILD\UNICODE DEBUG\TIFF\TIF_OPEN.OBJ
C:\USERS\SORATO\DESKTOP\13년도 1학기\영상처리 실습\TEMPLATE\CXIMAGE\X86\XBUILD\UNICODE DEBUG\TIFF\TIF_PACKBITS.OBJ
C:\USERS\SORATO\DESKTOP\13년도 1학기\영상처리 실습\TEMPLATE\CXIMAGE\X86\XBUILD\UNICODE DEBUG\TIFF\TIF_PIXARLOG.OBJ
C:\USERS\SORATO\DESKTOP\13년도 1학기\영상처리 실습\TEMPLATE\CXIMAGE\X86\XBUILD\UNICODE DEBUG\TIFF\TIF_PREDICT.OBJ
C:\USERS\SORATO\DESKTOP\13년도 1학기\영상처리 실습\TEMPLATE\CXIMAGE\X86\XBUILD\UNICODE DEBUG\TIFF\TIF_PRINT.OBJ
C:\USERS\SORATO\DESKTOP\13년도 1학기\영상처리 실습\TEMPLATE\CXIMAGE\X86\XBUILD\UNICODE DEBUG\TIFF\TIF_READ.OBJ
C:\USERS\SORATO\DESKTOP\13년도 1학기\영상처리 실습\TEMPLATE\CXIMAGE\X86\XBUILD\UNICODE DEBUG\TIFF\TIF_STRIP.OBJ
C:\USERS\SORATO\DESKTOP\13년도 1학기\영상처리 실습\TEMPLATE\CXIMAGE\X86\XBUILD\UNICODE DEBUG\TIFF\TIF_SWAB.OBJ
C:\USERS\SORATO\DESKTOP\13년도 1학기\영상처리 실습\TEMPLATE\CXIMAGE\X86\XBUILD\UNICODE DEBUG\TIFF\TIF_THUNDER.OBJ
C:\USERS\SORATO\DESKTOP\13년도 1학기\영상처리 실습\TEMPLATE\CXIMAGE\X86\XBUILD\UNICODE DEBUG\TIFF\TIF_TILE.OBJ
C:\USERS\SORATO\DESKTOP\13년도 1학기\영상처리 실습\TEMPLATE\CXIMAGE\X86\XBUILD\UNICODE DEBUG\TIFF\TIF_VERSION.OBJ
C:\USERS\SORATO\DESKTOP\13년도 1학기\영상처리 실습\TEMPLATE\CXIMAGE\X86\XBUILD\UNICODE DEBUG\TIFF\TIF_WARNING.OBJ
C:\USERS\SORATO\DESKTOP\13년도 1학기\영상처리 실습\TEMPLATE\CXIMAGE\X86\XBUILD\UNICODE DEBUG\TIFF\TIF_WRITE.OBJ
C:\USERS\SORATO\DESKTOP\13년도 1학기\영상처리 실습\TEMPLATE\CXIMAGE\X86\XBUILD\UNICODE DEBUG\TIFF\TIF_ZIP.OBJ
