C:\Users\JinKIM\Desktop\Template_eng_version\cximage\x86\lib\Jpeg.pdb
C:\Users\JinKIM\Desktop\Template_eng_version\cximage\x86\xbuild\Unicode Debug\Jpeg\cl.command.1.tlog
C:\Users\JinKIM\Desktop\Template_eng_version\cximage\x86\xbuild\Unicode Debug\Jpeg\CL.read.1.tlog
C:\Users\JinKIM\Desktop\Template_eng_version\cximage\x86\xbuild\Unicode Debug\Jpeg\CL.write.1.tlog
C:\Users\JinKIM\Desktop\Template_eng_version\cximage\x86\xbuild\Unicode Debug\Jpeg\Jcapimin.obj
C:\Users\JinKIM\Desktop\Template_eng_version\cximage\x86\xbuild\Unicode Debug\Jpeg\Jcapistd.obj
C:\Users\JinKIM\Desktop\Template_eng_version\cximage\x86\xbuild\Unicode Debug\Jpeg\Jccoefct.obj
C:\Users\JinKIM\Desktop\Template_eng_version\cximage\x86\xbuild\Unicode Debug\Jpeg\Jccolor.obj
C:\Users\JinKIM\Desktop\Template_eng_version\cximage\x86\xbuild\Unicode Debug\Jpeg\Jcdctmgr.obj
C:\Users\JinKIM\Desktop\Template_eng_version\cximage\x86\xbuild\Unicode Debug\Jpeg\Jchuff.obj
C:\Users\JinKIM\Desktop\Template_eng_version\cximage\x86\xbuild\Unicode Debug\Jpeg\Jcinit.obj
C:\Users\JinKIM\Desktop\Template_eng_version\cximage\x86\xbuild\Unicode Debug\Jpeg\Jcmainct.obj
C:\Users\JinKIM\Desktop\Template_eng_version\cximage\x86\xbuild\Unicode Debug\Jpeg\Jcmarker.obj
C:\Users\JinKIM\Desktop\Template_eng_version\cximage\x86\xbuild\Unicode Debug\Jpeg\Jcmaster.obj
C:\Users\JinKIM\Desktop\Template_eng_version\cximage\x86\xbuild\Unicode Debug\Jpeg\Jcomapi.obj
C:\Users\JinKIM\Desktop\Template_eng_version\cximage\x86\xbuild\Unicode Debug\Jpeg\Jcparam.obj
C:\Users\JinKIM\Desktop\Template_eng_version\cximage\x86\xbuild\Unicode Debug\Jpeg\Jcphuff.obj
C:\Users\JinKIM\Desktop\Template_eng_version\cximage\x86\xbuild\Unicode Debug\Jpeg\Jcprepct.obj
C:\Users\JinKIM\Desktop\Template_eng_version\cximage\x86\xbuild\Unicode Debug\Jpeg\Jcsample.obj
C:\Users\JinKIM\Desktop\Template_eng_version\cximage\x86\xbuild\Unicode Debug\Jpeg\Jctrans.obj
C:\Users\JinKIM\Desktop\Template_eng_version\cximage\x86\xbuild\Unicode Debug\Jpeg\Jdapimin.obj
C:\Users\JinKIM\Desktop\Template_eng_version\cximage\x86\xbuild\Unicode Debug\Jpeg\Jdapistd.obj
C:\Users\JinKIM\Desktop\Template_eng_version\cximage\x86\xbuild\Unicode Debug\Jpeg\Jdatadst.obj
C:\Users\JinKIM\Desktop\Template_eng_version\cximage\x86\xbuild\Unicode Debug\Jpeg\Jdatasrc.obj
C:\Users\JinKIM\Desktop\Template_eng_version\cximage\x86\xbuild\Unicode Debug\Jpeg\Jdcoefct.obj
C:\Users\JinKIM\Desktop\Template_eng_version\cximage\x86\xbuild\Unicode Debug\Jpeg\Jdcolor.obj
C:\Users\JinKIM\Desktop\Template_eng_version\cximage\x86\xbuild\Unicode Debug\Jpeg\Jddctmgr.obj
C:\Users\JinKIM\Desktop\Template_eng_version\cximage\x86\xbuild\Unicode Debug\Jpeg\Jdhuff.obj
C:\Users\JinKIM\Desktop\Template_eng_version\cximage\x86\xbuild\Unicode Debug\Jpeg\Jdinput.obj
C:\Users\JinKIM\Desktop\Template_eng_version\cximage\x86\xbuild\Unicode Debug\Jpeg\Jdmainct.obj
C:\Users\JinKIM\Desktop\Template_eng_version\cximage\x86\xbuild\Unicode Debug\Jpeg\Jdmarker.obj
C:\Users\JinKIM\Desktop\Template_eng_version\cximage\x86\xbuild\Unicode Debug\Jpeg\Jdmaster.obj
C:\Users\JinKIM\Desktop\Template_eng_version\cximage\x86\xbuild\Unicode Debug\Jpeg\Jdmerge.obj
C:\Users\JinKIM\Desktop\Template_eng_version\cximage\x86\xbuild\Unicode Debug\Jpeg\Jdphuff.obj
C:\Users\JinKIM\Desktop\Template_eng_version\cximage\x86\xbuild\Unicode Debug\Jpeg\Jdpostct.obj
C:\Users\JinKIM\Desktop\Template_eng_version\cximage\x86\xbuild\Unicode Debug\Jpeg\Jdsample.obj
C:\Users\JinKIM\Desktop\Template_eng_version\cximage\x86\xbuild\Unicode Debug\Jpeg\Jdtrans.obj
C:\Users\JinKIM\Desktop\Template_eng_version\cximage\x86\xbuild\Unicode Debug\Jpeg\Jerror.obj
C:\Users\JinKIM\Desktop\Template_eng_version\cximage\x86\xbuild\Unicode Debug\Jpeg\Jfdctflt.obj
C:\Users\JinKIM\Desktop\Template_eng_version\cximage\x86\xbuild\Unicode Debug\Jpeg\Jfdctfst.obj
C:\Users\JinKIM\Desktop\Template_eng_version\cximage\x86\xbuild\Unicode Debug\Jpeg\Jfdctint.obj
C:\Users\JinKIM\Desktop\Template_eng_version\cximage\x86\xbuild\Unicode Debug\Jpeg\Jidctflt.obj
C:\Users\JinKIM\Desktop\Template_eng_version\cximage\x86\xbuild\Unicode Debug\Jpeg\Jidctfst.obj
C:\Users\JinKIM\Desktop\Template_eng_version\cximage\x86\xbuild\Unicode Debug\Jpeg\Jidctint.obj
C:\Users\JinKIM\Desktop\Template_eng_version\cximage\x86\xbuild\Unicode Debug\Jpeg\Jidctred.obj
C:\Users\JinKIM\Desktop\Template_eng_version\cximage\x86\xbuild\Unicode Debug\Jpeg\Jmemmgr.obj
C:\Users\JinKIM\Desktop\Template_eng_version\cximage\x86\xbuild\Unicode Debug\Jpeg\Jmemnobs.obj
C:\Users\JinKIM\Desktop\Template_eng_version\cximage\x86\xbuild\Unicode Debug\Jpeg\Jquant1.obj
C:\Users\JinKIM\Desktop\Template_eng_version\cximage\x86\xbuild\Unicode Debug\Jpeg\Jquant2.obj
C:\Users\JinKIM\Desktop\Template_eng_version\cximage\x86\xbuild\Unicode Debug\Jpeg\Jutils.obj
C:\Users\JinKIM\Desktop\Template_eng_version\cximage\x86\xbuild\Unicode Debug\Jpeg\lib.command.1.tlog
C:\Users\JinKIM\Desktop\Template_eng_version\cximage\x86\xbuild\Unicode Debug\Jpeg\Lib-link.read.1.tlog
C:\Users\JinKIM\Desktop\Template_eng_version\cximage\x86\xbuild\Unicode Debug\Jpeg\Lib-link.write.1.tlog
C:\USERS\SORATO\DESKTOP\13년도 1학기\영상처리 실습\TEMPLATE\CXIMAGE\X86\LIB\JPEG.PDB
C:\USERS\SORATO\DESKTOP\13년도 1학기\영상처리 실습\TEMPLATE\CXIMAGE\X86\LIB\JPEG_WD.LIB
C:\USERS\SORATO\DESKTOP\13년도 1학기\영상처리 실습\TEMPLATE\CXIMAGE\X86\XBUILD\UNICODE DEBUG\JPEG\JCAPIMIN.OBJ
C:\USERS\SORATO\DESKTOP\13년도 1학기\영상처리 실습\TEMPLATE\CXIMAGE\X86\XBUILD\UNICODE DEBUG\JPEG\JCAPISTD.OBJ
C:\USERS\SORATO\DESKTOP\13년도 1학기\영상처리 실습\TEMPLATE\CXIMAGE\X86\XBUILD\UNICODE DEBUG\JPEG\JCCOEFCT.OBJ
C:\USERS\SORATO\DESKTOP\13년도 1학기\영상처리 실습\TEMPLATE\CXIMAGE\X86\XBUILD\UNICODE DEBUG\JPEG\JCCOLOR.OBJ
C:\USERS\SORATO\DESKTOP\13년도 1학기\영상처리 실습\TEMPLATE\CXIMAGE\X86\XBUILD\UNICODE DEBUG\JPEG\JCDCTMGR.OBJ
C:\USERS\SORATO\DESKTOP\13년도 1학기\영상처리 실습\TEMPLATE\CXIMAGE\X86\XBUILD\UNICODE DEBUG\JPEG\JCHUFF.OBJ
C:\USERS\SORATO\DESKTOP\13년도 1학기\영상처리 실습\TEMPLATE\CXIMAGE\X86\XBUILD\UNICODE DEBUG\JPEG\JCINIT.OBJ
C:\USERS\SORATO\DESKTOP\13년도 1학기\영상처리 실습\TEMPLATE\CXIMAGE\X86\XBUILD\UNICODE DEBUG\JPEG\JCMAINCT.OBJ
C:\USERS\SORATO\DESKTOP\13년도 1학기\영상처리 실습\TEMPLATE\CXIMAGE\X86\XBUILD\UNICODE DEBUG\JPEG\JCMARKER.OBJ
C:\USERS\SORATO\DESKTOP\13년도 1학기\영상처리 실습\TEMPLATE\CXIMAGE\X86\XBUILD\UNICODE DEBUG\JPEG\JCMASTER.OBJ
C:\USERS\SORATO\DESKTOP\13년도 1학기\영상처리 실습\TEMPLATE\CXIMAGE\X86\XBUILD\UNICODE DEBUG\JPEG\JCOMAPI.OBJ
C:\USERS\SORATO\DESKTOP\13년도 1학기\영상처리 실습\TEMPLATE\CXIMAGE\X86\XBUILD\UNICODE DEBUG\JPEG\JCPARAM.OBJ
C:\USERS\SORATO\DESKTOP\13년도 1학기\영상처리 실습\TEMPLATE\CXIMAGE\X86\XBUILD\UNICODE DEBUG\JPEG\JCPHUFF.OBJ
C:\USERS\SORATO\DESKTOP\13년도 1학기\영상처리 실습\TEMPLATE\CXIMAGE\X86\XBUILD\UNICODE DEBUG\JPEG\JCPREPCT.OBJ
C:\USERS\SORATO\DESKTOP\13년도 1학기\영상처리 실습\TEMPLATE\CXIMAGE\X86\XBUILD\UNICODE DEBUG\JPEG\JCSAMPLE.OBJ
C:\USERS\SORATO\DESKTOP\13년도 1학기\영상처리 실습\TEMPLATE\CXIMAGE\X86\XBUILD\UNICODE DEBUG\JPEG\JCTRANS.OBJ
C:\USERS\SORATO\DESKTOP\13년도 1학기\영상처리 실습\TEMPLATE\CXIMAGE\X86\XBUILD\UNICODE DEBUG\JPEG\JDAPIMIN.OBJ
C:\USERS\SORATO\DESKTOP\13년도 1학기\영상처리 실습\TEMPLATE\CXIMAGE\X86\XBUILD\UNICODE DEBUG\JPEG\JDAPISTD.OBJ
C:\USERS\SORATO\DESKTOP\13년도 1학기\영상처리 실습\TEMPLATE\CXIMAGE\X86\XBUILD\UNICODE DEBUG\JPEG\JDATADST.OBJ
C:\USERS\SORATO\DESKTOP\13년도 1학기\영상처리 실습\TEMPLATE\CXIMAGE\X86\XBUILD\UNICODE DEBUG\JPEG\JDATASRC.OBJ
C:\USERS\SORATO\DESKTOP\13년도 1학기\영상처리 실습\TEMPLATE\CXIMAGE\X86\XBUILD\UNICODE DEBUG\JPEG\JDCOEFCT.OBJ
C:\USERS\SORATO\DESKTOP\13년도 1학기\영상처리 실습\TEMPLATE\CXIMAGE\X86\XBUILD\UNICODE DEBUG\JPEG\JDCOLOR.OBJ
C:\USERS\SORATO\DESKTOP\13년도 1학기\영상처리 실습\TEMPLATE\CXIMAGE\X86\XBUILD\UNICODE DEBUG\JPEG\JDDCTMGR.OBJ
C:\USERS\SORATO\DESKTOP\13년도 1학기\영상처리 실습\TEMPLATE\CXIMAGE\X86\XBUILD\UNICODE DEBUG\JPEG\JDHUFF.OBJ
C:\USERS\SORATO\DESKTOP\13년도 1학기\영상처리 실습\TEMPLATE\CXIMAGE\X86\XBUILD\UNICODE DEBUG\JPEG\JDINPUT.OBJ
C:\USERS\SORATO\DESKTOP\13년도 1학기\영상처리 실습\TEMPLATE\CXIMAGE\X86\XBUILD\UNICODE DEBUG\JPEG\JDMAINCT.OBJ
C:\USERS\SORATO\DESKTOP\13년도 1학기\영상처리 실습\TEMPLATE\CXIMAGE\X86\XBUILD\UNICODE DEBUG\JPEG\JDMARKER.OBJ
C:\USERS\SORATO\DESKTOP\13년도 1학기\영상처리 실습\TEMPLATE\CXIMAGE\X86\XBUILD\UNICODE DEBUG\JPEG\JDMASTER.OBJ
C:\USERS\SORATO\DESKTOP\13년도 1학기\영상처리 실습\TEMPLATE\CXIMAGE\X86\XBUILD\UNICODE DEBUG\JPEG\JDMERGE.OBJ
C:\USERS\SORATO\DESKTOP\13년도 1학기\영상처리 실습\TEMPLATE\CXIMAGE\X86\XBUILD\UNICODE DEBUG\JPEG\JDPHUFF.OBJ
C:\USERS\SORATO\DESKTOP\13년도 1학기\영상처리 실습\TEMPLATE\CXIMAGE\X86\XBUILD\UNICODE DEBUG\JPEG\JDPOSTCT.OBJ
C:\USERS\SORATO\DESKTOP\13년도 1학기\영상처리 실습\TEMPLATE\CXIMAGE\X86\XBUILD\UNICODE DEBUG\JPEG\JDSAMPLE.OBJ
C:\USERS\SORATO\DESKTOP\13년도 1학기\영상처리 실습\TEMPLATE\CXIMAGE\X86\XBUILD\UNICODE DEBUG\JPEG\JDTRANS.OBJ
C:\USERS\SORATO\DESKTOP\13년도 1학기\영상처리 실습\TEMPLATE\CXIMAGE\X86\XBUILD\UNICODE DEBUG\JPEG\JERROR.OBJ
C:\USERS\SORATO\DESKTOP\13년도 1학기\영상처리 실습\TEMPLATE\CXIMAGE\X86\XBUILD\UNICODE DEBUG\JPEG\JFDCTFLT.OBJ
C:\USERS\SORATO\DESKTOP\13년도 1학기\영상처리 실습\TEMPLATE\CXIMAGE\X86\XBUILD\UNICODE DEBUG\JPEG\JFDCTFST.OBJ
C:\USERS\SORATO\DESKTOP\13년도 1학기\영상처리 실습\TEMPLATE\CXIMAGE\X86\XBUILD\UNICODE DEBUG\JPEG\JFDCTINT.OBJ
C:\USERS\SORATO\DESKTOP\13년도 1학기\영상처리 실습\TEMPLATE\CXIMAGE\X86\XBUILD\UNICODE DEBUG\JPEG\JIDCTFLT.OBJ
C:\USERS\SORATO\DESKTOP\13년도 1학기\영상처리 실습\TEMPLATE\CXIMAGE\X86\XBUILD\UNICODE DEBUG\JPEG\JIDCTFST.OBJ
C:\USERS\SORATO\DESKTOP\13년도 1학기\영상처리 실습\TEMPLATE\CXIMAGE\X86\XBUILD\UNICODE DEBUG\JPEG\JIDCTINT.OBJ
C:\USERS\SORATO\DESKTOP\13년도 1학기\영상처리 실습\TEMPLATE\CXIMAGE\X86\XBUILD\UNICODE DEBUG\JPEG\JIDCTRED.OBJ
C:\USERS\SORATO\DESKTOP\13년도 1학기\영상처리 실습\TEMPLATE\CXIMAGE\X86\XBUILD\UNICODE DEBUG\JPEG\JMEMMGR.OBJ
C:\USERS\SORATO\DESKTOP\13년도 1학기\영상처리 실습\TEMPLATE\CXIMAGE\X86\XBUILD\UNICODE DEBUG\JPEG\JMEMNOBS.OBJ
C:\USERS\SORATO\DESKTOP\13년도 1학기\영상처리 실습\TEMPLATE\CXIMAGE\X86\XBUILD\UNICODE DEBUG\JPEG\JQUANT1.OBJ
C:\USERS\SORATO\DESKTOP\13년도 1학기\영상처리 실습\TEMPLATE\CXIMAGE\X86\XBUILD\UNICODE DEBUG\JPEG\JQUANT2.OBJ
C:\USERS\SORATO\DESKTOP\13년도 1학기\영상처리 실습\TEMPLATE\CXIMAGE\X86\XBUILD\UNICODE DEBUG\JPEG\JUTILS.OBJ
